
Sat, 30 Nov 2019 15:40:11 GMT - Info - Server is running on port: 3001
Sat, 30 Nov 2019 16:41:17 GMT - Info - Server is running on port: 3001
Sat, 30 Nov 2019 16:55:17 GMT - Info - Server is running on port: 3001
Sat, 30 Nov 2019 16:58:38 GMT - Info - Server is running on port: 3000
Sat, 30 Nov 2019 18:01:00 GMT - Info - Server is running on port: 3000
Sat, 30 Nov 2019 18:01:41 GMT - Info - Server is running on port: 3000
Sat, 30 Nov 2019 18:02:44 GMT - Info - Server is running on port: 3000
Sat, 30 Nov 2019 18:03:17 GMT - Info - Server is running on port: 3000
Sat, 30 Nov 2019 18:03:21 GMT - Info - Server is running on port: 3000
Sat, 30 Nov 2019 18:51:16 GMT - Info - Server is running on port: 3000
Sat, 30 Nov 2019 19:52:29 GMT - Info - Server is running on port: 3000
Sat, 30 Nov 2019 19:54:15 GMT - Info - Server is running on port: 3000
Sat, 30 Nov 2019 20:15:23 GMT - Info - Server is running on port: 3000
Sat, 30 Nov 2019 21:16:19 GMT - Info - Server is running on port: 3000
Sat, 30 Nov 2019 21:16:47 GMT - Info - Server is running on port: 3000
Sat, 30 Nov 2019 21:21:58 GMT - Info - Server is running on port: 3000
Sat, 30 Nov 2019 21:22:11 GMT - Info - Server is running on port: 3000
Sat, 30 Nov 2019 21:22:17 GMT - Info - Server is running on port: 3000
Sat, 30 Nov 2019 21:23:01 GMT - Info - Server is running on port: 3000
Sat, 30 Nov 2019 21:23:37 GMT - Info - Server is running on port: 3000
Sat, 30 Nov 2019 21:24:11 GMT - Info - Server is running on port: 3000
Sat, 30 Nov 2019 21:24:37 GMT - Info - Server is running on port: 3000
Sat, 30 Nov 2019 21:24:51 GMT - Info - Server is running on port: 3000
Sat, 30 Nov 2019 21:25:17 GMT - Info - Server is running on port: 3000
Sat, 30 Nov 2019 21:25:22 GMT - Info - Server is running on port: 3000
Sat, 30 Nov 2019 21:25:40 GMT - Info - Server is running on port: 3000
Sat, 30 Nov 2019 21:25:51 GMT - Info - Server is running on port: 3000
Sat, 30 Nov 2019 21:25:55 GMT - Info - Server is running on port: 3000
Sat, 30 Nov 2019 21:25:59 GMT - Info - Server is running on port: 3000
Sat, 30 Nov 2019 21:26:21 GMT - Info - Server is running on port: 3000
Sat, 30 Nov 2019 21:27:19 GMT - Info - Server is running on port: 3000
Sat, 30 Nov 2019 21:28:23 GMT - Info - Server is running on port: 3000
Sat, 30 Nov 2019 21:28:34 GMT - Info - Server is running on port: 3000
Sat, 30 Nov 2019 21:28:45 GMT - Info - Server is running on port: 3000
Sat, 30 Nov 2019 21:29:17 GMT - Info - Server is running on port: 3000
Sat, 30 Nov 2019 21:30:26 GMT - Info - Server is running on port: 3000
Sat, 30 Nov 2019 21:30:34 GMT - Info - Server is running on port: 3000
Sat, 30 Nov 2019 21:31:00 GMT - Info - Server is running on port: 3000
Sat, 30 Nov 2019 21:31:41 GMT - Info - Server is running on port: 3000
Sat, 30 Nov 2019 21:43:22 GMT - Info - Server is running on port: 3000
Sat, 30 Nov 2019 21:44:12 GMT - Info - Server is running on port: 3000
Sat, 30 Nov 2019 21:48:19 GMT - Info - Server is running on port: 3000
Sat, 30 Nov 2019 21:48:24 GMT - Info - Server is running on port: 3000
Sat, 30 Nov 2019 22:25:41 GMT - Info - Server is running on port: 3000
Sat, 30 Nov 2019 22:26:25 GMT - Info - Server is running on port: 3000
Sat, 30 Nov 2019 22:30:38 GMT - Info - Server is running on port: 3000
Sat, 30 Nov 2019 22:37:44 GMT - Info - Server is running on port: 3000
Sat, 30 Nov 2019 22:37:51 GMT - Info - Server is running on port: 3000
Sat, 30 Nov 2019 22:37:58 GMT - Info - Server is running on port: 3000
Sat, 30 Nov 2019 22:39:19 GMT - Info - Server is running on port: 3000
Sat, 30 Nov 2019 22:39:25 GMT - Info - Server is running on port: 3000
Sat, 30 Nov 2019 22:39:48 GMT - Info - Server is running on port: 3000
Sat, 30 Nov 2019 22:39:58 GMT - Info - Server is running on port: 3000
Sun, 01 Dec 2019 07:13:19 GMT - Info - Server is running on port: 3000
Sun, 01 Dec 2019 07:25:59 GMT - Info - Server is running on port: 3000
Sun, 01 Dec 2019 07:26:26 GMT - Info - Server is running on port: 3000
Sun, 01 Dec 2019 07:30:42 GMT - Info - Server is running on port: 3000
Sun, 01 Dec 2019 07:32:04 GMT - Info - Server is running on port: 3000
Sun, 01 Dec 2019 07:32:45 GMT - Info - Server is running on port: 3000
Sun, 01 Dec 2019 07:34:01 GMT - Info - Server is running on port: 3000
Sun, 01 Dec 2019 07:36:28 GMT - Info - Server is running on port: 3000
Sun, 01 Dec 2019 07:37:36 GMT - Info - Server is running on port: 3000
Sun, 01 Dec 2019 07:44:30 GMT - Info - Server is running on port: 3000
Sun, 01 Dec 2019 07:45:05 GMT - Info - Server is running on port: 3000
Sun, 01 Dec 2019 07:45:19 GMT - Info - Server is running on port: 3000
Sun, 01 Dec 2019 07:45:52 GMT - Info - Server is running on port: 3000
Sun, 01 Dec 2019 07:46:33 GMT - Info - Server is running on port: 3000
Sun, 01 Dec 2019 07:46:50 GMT - Info - Server is running on port: 3000
Sun, 01 Dec 2019 07:47:38 GMT - Info - Server is running on port: 3000
Sun, 01 Dec 2019 07:48:44 GMT - Info - Server is running on port: 3000
Sun, 01 Dec 2019 07:49:03 GMT - Info - Server is running on port: 3000
Sun, 01 Dec 2019 07:51:25 GMT - Info - Server is running on port: 3000
Sun, 01 Dec 2019 07:53:04 GMT - Info - Server is running on port: 3000
Sun, 01 Dec 2019 07:53:05 GMT - Info - Server is running on port: 3000
Sun, 01 Dec 2019 07:53:09 GMT - Info - Server is running on port: 3000
Sun, 01 Dec 2019 07:53:45 GMT - Error - [REGISTER] ReferenceError: username is not defined
Sun, 01 Dec 2019 07:54:37 GMT - Info - Server is running on port: 3000
Sun, 01 Dec 2019 07:54:38 GMT - Debug - daniel@daniel.com, 123123, Daniel Yona
Sun, 01 Dec 2019 07:54:39 GMT - Debug - auth.route - new account created: {"email":"daniel@daniel.com","password":"$2b$10$h8IhUwSGObdCUCpDMY8LOO0fMnR4VXP.CnTp4IT2f1RUL5Dtb0Oo6","fullName":"Daniel Yona","isAdmin":false,"inbox":{},"imgUrl":"https://cdn3.iconfinder.com/data/icons/vector-icons-6/96/256-512.png","wishlist":{},"createdAt":1575186878846,"_id":"5de371bf86f137afbcd41734"}
Sun, 01 Dec 2019 08:30:14 GMT - Info - Server is running on port: 3000
Sun, 01 Dec 2019 09:07:09 GMT - Info - Server is running on port: 3000
Sun, 01 Dec 2019 09:07:21 GMT - Info - Server is running on port: 3000
Sun, 01 Dec 2019 09:10:15 GMT - Info - Server is running on port: 3000
Sun, 01 Dec 2019 09:10:49 GMT - Info - Server is running on port: 3000
Sun, 01 Dec 2019 09:13:09 GMT - Info - Server is running on port: 3000
Sun, 01 Dec 2019 09:14:27 GMT - Info - Server is running on port: 3000
Sun, 01 Dec 2019 09:14:48 GMT - Info - Server is running on port: 3000
Sun, 01 Dec 2019 09:15:49 GMT - Info - Server is running on port: 3000
Sun, 01 Dec 2019 09:16:31 GMT - Info - Server is running on port: 3000
Sun, 01 Dec 2019 09:16:43 GMT - Info - Server is running on port: 3000
Sun, 01 Dec 2019 09:23:35 GMT - Info - Server is running on port: 3000
Sun, 01 Dec 2019 09:24:29 GMT - Info - Server is running on port: 3000
Sun, 01 Dec 2019 09:25:49 GMT - Info - Server is running on port: 3000
Sun, 01 Dec 2019 09:26:03 GMT - Info - Server is running on port: 3000
Sun, 01 Dec 2019 09:39:44 GMT - Info - Server is running on port: 3000
Sun, 01 Dec 2019 09:39:55 GMT - Info - Server is running on port: 3000
Sun, 01 Dec 2019 09:48:10 GMT - Info - Server is running on port: 3000
Sun, 01 Dec 2019 09:48:18 GMT - Info - Server is running on port: 3000
Sun, 01 Dec 2019 09:48:21 GMT - Info - Server is running on port: 3000
Sun, 01 Dec 2019 09:48:42 GMT - Info - Server is running on port: 3000
Sun, 01 Dec 2019 09:48:48 GMT - Info - Server is running on port: 3000
Sun, 01 Dec 2019 11:01:48 GMT - Info - Server is running on port: 3000
Sun, 01 Dec 2019 11:05:10 GMT - Info - Server is running on port: 3000
Sun, 01 Dec 2019 11:05:39 GMT - Info - Server is running on port: 3000
Sun, 01 Dec 2019 11:07:59 GMT - Info - Server is running on port: 3000
Sun, 01 Dec 2019 11:08:46 GMT - Info - Server is running on port: 3000
Sun, 01 Dec 2019 11:09:02 GMT - Info - Server is running on port: 3000
Sun, 01 Dec 2019 11:09:07 GMT - Info - Server is running on port: 3000
Sun, 01 Dec 2019 11:09:37 GMT - Info - Server is running on port: 3000
Sun, 01 Dec 2019 11:09:52 GMT - Info - Server is running on port: 3000
Sun, 01 Dec 2019 11:10:08 GMT - Info - Server is running on port: 3000
Sun, 01 Dec 2019 11:11:01 GMT - Info - Server is running on port: 3000
Sun, 01 Dec 2019 11:11:19 GMT - Info - Server is running on port: 3000
Sun, 01 Dec 2019 11:11:26 GMT - Info - Server is running on port: 3000
Sun, 01 Dec 2019 11:11:43 GMT - Info - Server is running on port: 3000
Sun, 01 Dec 2019 11:12:02 GMT - Info - Server is running on port: 3000
Sun, 01 Dec 2019 11:12:32 GMT - Info - Server is running on port: 3000
Sun, 01 Dec 2019 11:12:42 GMT - Info - Server is running on port: 3000
Sun, 01 Dec 2019 11:13:08 GMT - Info - Server is running on port: 3000
Sun, 01 Dec 2019 11:13:48 GMT - Info - Server is running on port: 3000
Sun, 01 Dec 2019 11:14:25 GMT - Info - Server is running on port: 3000
Sun, 01 Dec 2019 11:14:32 GMT - Info - Server is running on port: 3000
Sun, 01 Dec 2019 11:14:49 GMT - Info - Server is running on port: 3000
Sun, 01 Dec 2019 11:15:13 GMT - Info - Server is running on port: 3000
Sun, 01 Dec 2019 11:15:32 GMT - Info - Server is running on port: 3000
Sun, 01 Dec 2019 11:15:43 GMT - Info - Server is running on port: 3000
Sun, 01 Dec 2019 11:15:46 GMT - Info - Server is running on port: 3000
Sun, 01 Dec 2019 11:16:01 GMT - Info - Server is running on port: 3000
Sun, 01 Dec 2019 11:16:15 GMT - Info - Server is running on port: 3000
Sun, 01 Dec 2019 11:16:35 GMT - Info - Server is running on port: 3000
Sun, 01 Dec 2019 11:23:57 GMT - Info - Server is running on port: 3000
Sun, 01 Dec 2019 11:27:32 GMT - Info - Server is running on port: 3000
Sun, 01 Dec 2019 11:36:44 GMT - Debug - daniel@daniel.com, 123123, Daniel Yona
Sun, 01 Dec 2019 11:36:45 GMT - Debug - auth.route - new account created: {"email":"daniel@daniel.com","password":"$2b$10$NY6Lrxv/VokUaVeEQeLHA.xm4f7.eV58aTRxiRgNgFVt0zHxcfOy2","fullName":"Daniel Yona","isAdmin":false,"inbox":{},"imgUrl":"https://cdn3.iconfinder.com/data/icons/vector-icons-6/96/256-512.png","wishlist":{},"createdAt":1575200205032,"_id":"5de3a5cdeaa0f6b1bc1021f4"}
Sun, 01 Dec 2019 11:36:58 GMT - Debug - asddas@sdaasd, 123123, sdaasd
Sun, 01 Dec 2019 11:36:58 GMT - Debug - auth.route - new account created: {"email":"asddas@sdaasd","password":"$2b$10$mlOAbA7aQVjxdMB8FZVqlOZ.rpopRZtyGTrTSFbo7eyMwVOWJjK.6","fullName":"sdaasd","isAdmin":false,"inbox":{},"imgUrl":"https://cdn3.iconfinder.com/data/icons/vector-icons-6/96/256-512.png","wishlist":{},"createdAt":1575200218655,"_id":"5de3a5daeaa0f6b1bc1021f5"}
Sun, 01 Dec 2019 13:11:55 GMT - Info - Server is running on port: 3000
Sun, 01 Dec 2019 13:27:59 GMT - Info - Server is running on port: 3000